TN:
SF:src\components\Button\index.tsx
FN:10,(anonymous_0)
FNF:1
FNH:1
FNDA:2,(anonymous_0)
DA:10,1
DA:11,2
LF:2
LH:2
BRF:0
BRH:0
end_of_record
TN:
SF:src\components\Input\index.tsx
FN:28,(anonymous_0)
FN:40,(anonymous_1)
FN:44,(anonymous_2)
FN:50,(anonymous_3)
FN:51,(anonymous_4)
FN:56,(anonymous_5)
FN:78,(anonymous_6)
FNF:7
FNH:4
FNDA:8,(anonymous_0)
FNDA:0,(anonymous_1)
FNDA:0,(anonymous_2)
FNDA:4,(anonymous_3)
FNDA:0,(anonymous_4)
FNDA:4,(anonymous_5)
FNDA:2,(anonymous_6)
DA:28,1
DA:32,8
DA:34,8
DA:35,8
DA:37,8
DA:38,8
DA:40,8
DA:41,0
DA:44,8
DA:45,0
DA:47,0
DA:50,8
DA:52,0
DA:56,8
DA:57,4
DA:64,8
DA:79,2
LF:17
LH:13
BRDA:29,0,0,8
BRDA:34,1,0,8
BRDA:69,2,0,0
BRDA:69,2,1,8
BRDA:69,3,0,8
BRDA:69,3,1,8
BRF:6
BRH:5
end_of_record
TN:
SF:src\hooks\auth.tsx
FN:39,(anonymous_0)
FN:43,(anonymous_1)
FN:44,loadStoragedData
FN:62,(anonymous_3)
FN:80,(anonymous_4)
FN:86,(anonymous_5)
FN:106,useAuth
FNF:7
FNH:0
FNDA:0,(anonymous_0)
FNDA:0,(anonymous_1)
FNDA:0,loadStoragedData
FNDA:0,(anonymous_3)
FNDA:0,(anonymous_4)
FNDA:0,(anonymous_5)
FNDA:0,useAuth
DA:37,0
DA:39,0
DA:40,0
DA:41,0
DA:43,0
DA:45,0
DA:50,0
DA:51,0
DA:53,0
DA:56,0
DA:59,0
DA:62,0
DA:63,0
DA:68,0
DA:70,0
DA:75,0
DA:77,0
DA:80,0
DA:81,0
DA:82,0
DA:85,0
DA:87,0
DA:89,0
DA:97,0
DA:107,0
DA:109,0
DA:110,0
DA:113,0
LF:28
LH:0
BRDA:50,0,0,0
BRDA:50,0,1,0
BRDA:50,1,0,0
BRDA:50,1,1,0
BRDA:109,2,0,0
BRDA:109,2,1,0
BRF:6
BRH:0
end_of_record
TN:
SF:src\pages\AppointmentCreated\index.tsx
FN:19,(anonymous_0)
FN:25,(anonymous_1)
FN:36,(anonymous_2)
FNF:3
FNH:0
FNDA:0,(anonymous_0)
FNDA:0,(anonymous_1)
FNDA:0,(anonymous_2)
DA:19,0
DA:20,0
DA:21,0
DA:23,0
DA:25,0
DA:26,0
DA:36,0
DA:37,0
DA:44,0
LF:9
LH:0
BRF:0
BRH:0
end_of_record
TN:
SF:src\pages\CreateAppointment\index.tsx
FN:52,(anonymous_0)
FN:65,(anonymous_1)
FN:66,(anonymous_2)
FN:71,(anonymous_3)
FN:80,(anonymous_4)
FN:85,(anonymous_5)
FN:89,(anonymous_6)
FN:93,(anonymous_7)
FN:94,(anonymous_8)
FN:98,(anonymous_9)
FN:110,(anonymous_10)
FN:114,(anonymous_11)
FN:135,(anonymous_12)
FN:137,(anonymous_13)
FN:138,(anonymous_14)
FN:147,(anonymous_15)
FN:149,(anonymous_16)
FN:150,(anonymous_17)
FN:176,(anonymous_18)
FN:177,(anonymous_19)
FN:179,(anonymous_20)
FN:218,(anonymous_21)
FN:224,(anonymous_22)
FN:239,(anonymous_23)
FN:245,(anonymous_24)
FNF:25
FNH:0
FNDA:0,(anonymous_0)
FNDA:0,(anonymous_1)
FNDA:0,(anonymous_2)
FNDA:0,(anonymous_3)
FNDA:0,(anonymous_4)
FNDA:0,(anonymous_5)
FNDA:0,(anonymous_6)
FNDA:0,(anonymous_7)
FNDA:0,(anonymous_8)
FNDA:0,(anonymous_9)
FNDA:0,(anonymous_10)
FNDA:0,(anonymous_11)
FNDA:0,(anonymous_12)
FNDA:0,(anonymous_13)
FNDA:0,(anonymous_14)
FNDA:0,(anonymous_15)
FNDA:0,(anonymous_16)
FNDA:0,(anonymous_17)
FNDA:0,(anonymous_18)
FNDA:0,(anonymous_19)
FNDA:0,(anonymous_20)
FNDA:0,(anonymous_21)
FNDA:0,(anonymous_22)
FNDA:0,(anonymous_23)
FNDA:0,(anonymous_24)
DA:52,0
DA:53,0
DA:54,0
DA:55,0
DA:56,0
DA:58,0
DA:59,0
DA:60,0
DA:61,0
DA:62,0
DA:63,0
DA:65,0
DA:66,0
DA:67,0
DA:71,0
DA:72,0
DA:81,0
DA:85,0
DA:86,0
DA:89,0
DA:90,0
DA:93,0
DA:94,0
DA:97,0
DA:99,0
DA:100,0
DA:103,0
DA:104,0
DA:110,0
DA:111,0
DA:114,0
DA:115,0
DA:116,0
DA:118,0
DA:119,0
DA:121,0
DA:126,0
DA:128,0
DA:135,0
DA:136,0
DA:137,0
DA:139,0
DA:147,0
DA:148,0
DA:149,0
DA:151,0
DA:159,0
DA:176,0
DA:178,0
DA:179,0
DA:219,0
DA:224,0
DA:240,0
DA:245,0
LF:54
LH:0
BRDA:99,0,0,0
BRDA:99,0,1,0
BRDA:103,1,0,0
BRDA:103,1,1,0
BRDA:200,2,0,0
BRDA:200,2,1,0
BRDA:202,3,0,0
BRDA:202,3,1,0
BRDA:204,4,0,0
BRDA:204,4,1,0
BRF:10
BRH:0
end_of_record
TN:
SF:src\pages\Dashboard\index.tsx
FN:31,(anonymous_0)
FN:37,(anonymous_1)
FN:38,(anonymous_2)
FN:43,(anonymous_3)
FN:48,(anonymous_4)
FN:70,(anonymous_5)
FN:74,(anonymous_6)
FN:76,(anonymous_7)
FNF:8
FNH:0
FNDA:0,(anonymous_0)
FNDA:0,(anonymous_1)
FNDA:0,(anonymous_2)
FNDA:0,(anonymous_3)
FNDA:0,(anonymous_4)
FNDA:0,(anonymous_5)
FNDA:0,(anonymous_6)
FNDA:0,(anonymous_7)
DA:31,0
DA:32,0
DA:34,0
DA:35,0
DA:37,0
DA:38,0
DA:39,0
DA:43,0
DA:44,0
DA:47,0
DA:49,0
DA:54,0
DA:70,0
DA:75,0
DA:76,0
LF:15
LH:0
BRF:0
BRH:0
end_of_record
TN:
SF:src\pages\Profile\index.tsx
FN:34,(anonymous_0)
FN:55,(anonymous_1)
FN:67,(anonymous_2)
FN:73,(anonymous_3)
FN:130,(anonymous_4)
FN:138,(anonymous_5)
FN:151,(anonymous_6)
FN:159,(anonymous_7)
FN:178,(anonymous_8)
FN:217,(anonymous_9)
FN:230,(anonymous_10)
FN:244,(anonymous_11)
FN:257,(anonymous_12)
FN:270,(anonymous_13)
FN:276,(anonymous_14)
FNF:15
FNH:0
FNDA:0,(anonymous_0)
FNDA:0,(anonymous_1)
FNDA:0,(anonymous_2)
FNDA:0,(anonymous_3)
FNDA:0,(anonymous_4)
FNDA:0,(anonymous_5)
FNDA:0,(anonymous_6)
FNDA:0,(anonymous_7)
FNDA:0,(anonymous_8)
FNDA:0,(anonymous_9)
FNDA:0,(anonymous_10)
FNDA:0,(anonymous_11)
FNDA:0,(anonymous_12)
FNDA:0,(anonymous_13)
FNDA:0,(anonymous_14)
DA:34,0
DA:35,0
DA:37,0
DA:39,0
DA:41,0
DA:42,0
DA:43,0
DA:44,0
DA:54,0
DA:56,0
DA:57,0
DA:59,0
DA:67,0
DA:73,0
DA:81,0
DA:91,0
DA:93,0
DA:105,0
DA:107,0
DA:109,0
DA:111,0
DA:113,0
DA:114,0
DA:116,0
DA:118,0
DA:121,0
DA:130,0
DA:131,0
DA:139,0
DA:140,0
DA:142,0
DA:143,0
DA:144,0
DA:147,0
DA:148,0
DA:151,0
DA:152,0
DA:154,0
DA:159,0
DA:160,0
DA:178,0
DA:179,0
DA:182,0
DA:218,0
DA:231,0
DA:245,0
DA:258,0
DA:271,0
DA:277,0
LF:49
LH:0
BRDA:96,0,0,0
BRDA:96,0,1,0
BRDA:113,1,0,0
BRDA:113,1,1,0
BRDA:139,2,0,0
BRDA:139,2,1,0
BRDA:142,3,0,0
BRDA:142,3,1,0
BRDA:186,4,0,0
BRDA:186,4,1,0
BRF:10
BRH:0
end_of_record
TN:
SF:src\pages\SignIn\index.tsx
FN:41,(anonymous_0)
FN:51,(anonymous_1)
FN:118,(anonymous_2)
FN:130,(anonymous_3)
FN:136,(anonymous_4)
FN:145,(anonymous_5)
FN:156,(anonymous_6)
FNF:7
FNH:3
FNDA:2,(anonymous_0)
FNDA:1,(anonymous_1)
FNDA:0,(anonymous_2)
FNDA:0,(anonymous_3)
FNDA:1,(anonymous_4)
FNDA:0,(anonymous_5)
FNDA:0,(anonymous_6)
DA:41,1
DA:42,2
DA:44,2
DA:46,2
DA:48,2
DA:50,2
DA:52,1
DA:53,1
DA:55,1
DA:62,1
DA:66,0
DA:71,1
DA:72,1
DA:74,1
DA:76,1
DA:79,0
DA:88,2
DA:119,0
DA:131,0
DA:137,1
DA:146,0
DA:157,0
LF:22
LH:16
BRDA:71,0,0,1
BRDA:71,0,1,0
BRDA:92,1,0,2
BRDA:92,1,1,0
BRF:4
BRH:2
end_of_record
TN:
SF:src\pages\SignUp\index.tsx
FN:27,(anonymous_0)
FN:42,(anonymous_1)
FN:113,(anonymous_2)
FN:126,(anonymous_3)
FN:139,(anonymous_4)
FN:145,(anonymous_5)
FN:157,(anonymous_6)
FNF:7
FNH:0
FNDA:0,(anonymous_0)
FNDA:0,(anonymous_1)
FNDA:0,(anonymous_2)
FNDA:0,(anonymous_3)
FNDA:0,(anonymous_4)
FNDA:0,(anonymous_5)
FNDA:0,(anonymous_6)
DA:27,0
DA:28,0
DA:30,0
DA:32,0
DA:33,0
DA:41,0
DA:43,0
DA:44,0
DA:46,0
DA:54,0
DA:57,0
DA:59,0
DA:61,0
DA:66,0
DA:68,0
DA:69,0
DA:71,0
DA:73,0
DA:76,0
DA:85,0
DA:114,0
DA:127,0
DA:140,0
DA:146,0
DA:158,0
LF:25
LH:0
BRDA:68,0,0,0
BRDA:68,0,1,0
BRDA:89,1,0,0
BRDA:89,1,1,0
BRF:4
BRH:0
end_of_record
